2025-09-16T09:51:52.172Z - User: alexia, Action: REGISTERED, Status: Account Created
2025-09-16T09:53:04.060Z - User: alexia, Action: CREATED, Status: Note Created
2025-09-17T02:25:43.151Z - User: boots, Action: REGISTERED, Status: Account Created
2025-09-17T02:26:38.322Z - User: boots, Action: REGISTERED, Status: Account Created
2025-09-17T02:55:02.629Z - User: boots, Action: CREATED, Status: Note Created
2025-09-17T07:14:50.238Z - User: jhomary, Action: CREATED, Status: Note Created
2025-09-17T13:33:50.561Z - User: undefined, Action: undefined, Status: 
2025-09-17T13:36:14.439Z - User: undefined, Action: undefined, Status: 
2025-09-17T13:36:15.204Z - User: undefined, Action: undefined, Status: 
2025-09-17T02:31:22.813Z - User: boots, Action: REGISTERED, Status: Account Created
2025-09-17T13:00:23.181Z - User: boots, Action: REGISTERED, Status: Account Created
2025-09-17T13:03:32.331Z - User: tabibito, Action: REGISTERED, Status: Account Created
2025-09-17T13:17:54.521Z - User: tabibito, Action: CREATED, Status: Note Created
2025-09-17T13:21:50.485Z - User: jhomary, Action: UPDATED, Status: Note "test1" updated
2025-09-17T13:24:22.773Z - User: jhomary, Action: DELETED, Status: Note "test1" deleted
2025-09-18 - User: jhomary, Action: UPDATED, Status: Note "test" updated
2025-09-18 - User: jhomary, Action: UPDATED, Status: Note "test" updated
2025-09-18 - User: jhomary, Action: UPDATED, Status: Note "test" updated
2025-09-18 - User: boots, Action: REGISTERED, Status: Account Created
2025-09-18 - User: jhomary, Action: UPDATED, Status: Note "test" updated
2025-09-18 - User: jhomary, Action: LOGIN, Status: SUCCESS
2025-09-18 - User: jhomary, Action: NOTE_CREATED, Status: Note "dear diary 2" created
2025-09-18 - User: jhomary, Action: WRITE_NOTE, Status: SUCCESS - dear diary 2
2025-09-18 - User: jhomary, Action: VIEW_LOGS, Status: SUCCESS
2025-09-18 - User: jhomary, Action: GET_ALL_NOTES, Status: SUCCESS
2025-09-18 - User: jhomary, Action: NOTE_UPDATE_FAILED, Status: Note "test123" not found
2025-09-18 - User: jhomary, Action: UPDATE_NOTE, Status: FAILED - test123
2025-09-18 - User: jhomary, Action: NOTE_DELETED, Status: Note "dear diary 2" deleted
2025-09-18 - User: jhomary, Action: DELETE_NOTE, Status: SUCCESS - dear diary 2
2025-09-18 - User: boots, Action: LOGIN, Status: SUCCESS
2025-09-18 - User: boots, Action: NOTE_DELETE_FAILED, Status: No notes for user
2025-09-18 - User: boots, Action: DELETE_NOTE, Status: FAILED - dear diary 2
2025-09-18 - User: boots, Action: NOTE_DELETE_FAILED, Status: No notes for user
2025-09-18 - User: boots, Action: DELETE_NOTE, Status: FAILED - dear diary
2025-09-18 - User: boots, Action: NOTE_DELETE_FAILED, Status: No notes for user
2025-09-18 - User: boots, Action: DELETE_NOTE, Status: FAILED - test1
<<<<<<< HEAD
2025-09-19 - User: jhomary, Action: LOGIN, Status: FAILED - secretOrPrivateKey must have a value
2025-09-19 - User: jhomary, Action: LOGIN, Status: SUCCESS
2025-09-19 - User: jhomary, Action: LOGOUT, Status: SUCCESS
2025-09-19 - User: jhomary, Action: LOGIN, Status: SUCCESS
2025-09-19 - User: jhomary, Action: LOGIN, Status: SUCCESS
2025-09-19 - User: jhomary, Action: LOGIN, Status: SUCCESS
2025-09-19 - User: jhomary, Action: LOGIN, Status: SUCCESS
2025-09-19 - User: jhomary, Action: LOGIN, Status: SUCCESS
2025-09-19 - User: jhomary, Action: LOGOUT, Status: FAILED - Cannot destructure property 'refreshToken' of 'req.body' as it is undefined.
2025-09-19 - User: jhomary, Action: LOGIN, Status: SUCCESS
=======
2025-09-19 - User: Ronald, Action: REGISTERED, Status: Account Created
2025-09-19 - User: Ronald, Action: REGISTER, Status: SUCCESS
2025-09-19 - User: boots, Action: REGISTER, Status: FAILED - Username exists
2025-09-19 - User: jhomary, Action: LOGIN, Status: SUCCESS
2025-09-19 - User: jhomary, Action: NOTE_UPDATE_FAILED, Status: Note "test123" not found
2025-09-19 - User: jhomary, Action: UPDATE_NOTE, Status: FAILED - test123
2025-09-19 - User: jhomary, Action: INTEGRITY_FAILED, Status: Note "test" checksum mismatch
2025-09-19 - User: jhomary, Action: INTEGRITY_FAILED, Status: Note "test1" checksum mismatch
2025-09-19 - User: jhomary, Action: READ_ALL_NOTES, Status: User notes retrieved
2025-09-19 - User: ronald, Action: READ_FILE_FAILED, Status: User not found
2025-09-19 - User: jhomary, Action: LOGIN, Status: SUCCESS
2025-09-19 - User: jhomary, Action: VIEW_LOGS, Status: SUCCESS
2025-09-19 - User: jhomary, Action: VIEW_LOGS, Status: SUCCESS
2025-09-19 - User: jhomary, Action: LOGOUT, Status: SUCCESS
2025-09-19 - User: jhomary, Action: LOGIN, Status: SUCCESS
2025-09-19 - User: jhomary, Action: LOGIN, Status: SUCCESS
>>>>>>> f03cc5bc9fe922b240d9961c01a7e870834dfe95
2025-09-19 - User: jhomary, Action: LOGOUT, Status: SUCCESS
2025-09-19 - User: jhomary, Action: LOGIN, Status: SUCCESS
